<?xml version="1.0" encoding="UTF-8"?>
<!-- Generated by org.testng.reporters.JUnitReportReporter -->
<testsuite skipped="0" hostname="DESKTOP-T59LTLF" name="com.capsulecrm.testcases.AccountSettingTest" tests="7" failures="0" timestamp="30 May 2019 03:15:42 GMT" time="194.359" errors="0">
  <testcase name="verifyIntegrationsDetails" time="18.974" classname="com.capsulecrm.testcases.AccountSettingTest"/>
  <testcase name="verifyTracksDetails" time="28.964" classname="com.capsulecrm.testcases.AccountSettingTest"/>
  <testcase name="verifyUserstDetails" time="41.838" classname="com.capsulecrm.testcases.AccountSettingTest"/>
  <testcase name="verifyOpportunitiesDetails" time="34.825" classname="com.capsulecrm.testcases.AccountSettingTest"/>
  <testcase name="verifyTaskCategoriesDetails" time="17.982" classname="com.capsulecrm.testcases.AccountSettingTest"/>
  <testcase name="verifyTagDetails" time="21.694" classname="com.capsulecrm.testcases.AccountSettingTest"/>
  <testcase name="verifyAccountStatementDetails" time="30.082" classname="com.capsulecrm.testcases.AccountSettingTest"/>
</testsuite> <!-- com.capsulecrm.testcases.AccountSettingTest -->
