<?xml version="1.0" encoding="UTF-8"?>
<!-- Generated by org.testng.reporters.JUnitReportReporter -->
<testsuite skipped="0" hostname="DESKTOP-T59LTLF" name="com.capsulecrm.testcases.CaseTest" tests="1" failures="0" timestamp="30 May 2019 02:56:52 GMT" time="27.403" errors="0">
  <testcase name="verifyPersonDetails" time="27.403" classname="com.capsulecrm.testcases.CaseTest"/>
</testsuite> <!-- com.capsulecrm.testcases.CaseTest -->
