<?xml version="1.0" encoding="UTF-8"?>
<!-- Generated by org.testng.reporters.JUnitReportReporter -->
<testsuite skipped="1" hostname="DESKTOP-T59LTLF" name="com.capsulecrm.testcases.PersonTest" tests="1" failures="0" timestamp="30 May 2019 02:57:22 GMT" time="0.000" errors="0">
  <testcase name="verifyPersonDetails" time="0.000" classname="com.capsulecrm.testcases.PersonTest">
    <skipped/>
  </testcase> <!-- verifyPersonDetails -->
</testsuite> <!-- com.capsulecrm.testcases.PersonTest -->
